mode: set
github.com/form3/handler/payment_handler.go:18.20,20.2 1 0
github.com/form3/handler/payment_handler.go:24.64,26.2 1 0
github.com/form3/handler/payment_handler.go:29.70,35.16 6 1
github.com/form3/handler/payment_handler.go:35.16,37.3 1 1
github.com/form3/handler/payment_handler.go:37.3,37.30 1 1
github.com/form3/handler/payment_handler.go:37.30,39.3 1 1
github.com/form3/handler/payment_handler.go:39.3,41.3 1 1
github.com/form3/handler/payment_handler.go:45.66,55.16 8 1
github.com/form3/handler/payment_handler.go:55.16,57.3 1 1
github.com/form3/handler/payment_handler.go:57.3,59.3 1 1
github.com/form3/handler/payment_handler.go:63.69,69.65 4 1
github.com/form3/handler/payment_handler.go:69.65,71.3 1 1
github.com/form3/handler/payment_handler.go:71.3,75.17 4 1
github.com/form3/handler/payment_handler.go:75.17,77.4 1 1
github.com/form3/handler/payment_handler.go:77.4,79.4 1 1
github.com/form3/handler/payment_handler.go:84.69,95.16 9 1
github.com/form3/handler/payment_handler.go:95.16,97.3 1 1
github.com/form3/handler/payment_handler.go:97.3,99.3 1 1
github.com/form3/handler/payment_handler.go:103.69,112.65 7 1
github.com/form3/handler/payment_handler.go:112.65,114.3 1 1
github.com/form3/handler/payment_handler.go:114.3,120.17 6 1
github.com/form3/handler/payment_handler.go:120.17,122.4 1 1
github.com/form3/handler/payment_handler.go:122.4,124.4 1 1
github.com/form3/handler/payment_handler.go:131.82,133.16 2 1
github.com/form3/handler/payment_handler.go:139.2,142.8 4 1
github.com/form3/handler/payment_handler.go:133.16,137.3 3 0
github.com/form3/handler/payment_handler.go:146.56,148.2 1 1
